生成启动时间为 2017/11/20 5:40:03。
     1>项目“C:\Users\iDest\Documents\Visual Studio 2010\Doraemon\ShootBlocks\ShootBlocks\ShootBlocks.vcxproj”在节点 2 上(build 个目标)。
     1>InitializeBuildStatus:
         正在创建“Debug\ShootBlocks.unsuccessfulbuild”，因为已指定“AlwaysCreate”。
       ClCompile:
         C:\Program Files (x86)\Microsoft Visual Studio 10.0\VC\bin\CL.exe /c /ZI /nologo /W3 /WX- /Od /Oy- /D WIN32 /D _DEBUG /D _CONSOLE /D _UNICODE /D UNICODE /Gm /EHsc /RTC1 /MDd /GS /fp:precise /Zc:wchar_t /Zc:forScope /Fo"Debug\\" /Fd"Debug\vc100.pdb" /Gd /TP /analyze- /errorReport:prompt main.cpp
         main.cpp
     1>c:\users\idest\documents\visual studio 2010\doraemon\shootblocks\shootblocks\main.cpp(140): warning C4996: 'kbhit': The POSIX name for this item is deprecated. Instead, use the ISO C++ conformant name: _kbhit. See online help for details.
                 c:\program files (x86)\microsoft visual studio 10.0\vc\include\conio.h(130) : 参见“kbhit”的声明
     1>c:\users\idest\documents\visual studio 2010\doraemon\shootblocks\shootblocks\main.cpp(142): warning C4996: 'getch': The POSIX name for this item is deprecated. Instead, use the ISO C++ conformant name: _getch. See online help for details.
                 c:\program files (x86)\microsoft visual studio 10.0\vc\include\conio.h(128) : 参见“getch”的声明
       ManifestResourceCompile:
         所有输出均为最新。
       Link:
         C:\Program Files (x86)\Microsoft Visual Studio 10.0\VC\bin\link.exe /ERRORREPORT:PROMPT /OUT:"C:\Users\iDest\Documents\Visual Studio 2010\Doraemon\ShootBlocks\Debug\ShootBlocks.exe" /INCREMENTAL /NOLOGO kernel32.lib user32.lib gdi32.lib winspool.lib comdlg32.lib advapi32.lib shell32.lib ole32.lib oleaut32.lib uuid.lib odbc32.lib odbccp32.lib /MANIFEST /ManifestFile:"Debug\ShootBlocks.exe.intermediate.manifest" /MANIFESTUAC:"level='asInvoker' uiAccess='false'" /DEBUG /PDB:"C:\Users\iDest\Documents\Visual Studio 2010\Doraemon\ShootBlocks\Debug\ShootBlocks.pdb" /SUBSYSTEM:CONSOLE /TLBID:1 /DYNAMICBASE /NXCOMPAT /IMPLIB:"C:\Users\iDest\Documents\Visual Studio 2010\Doraemon\ShootBlocks\Debug\ShootBlocks.lib" /MACHINE:X86 Debug\ShootBlocks.exe.embed.manifest.res
         Debug\main.obj
       Manifest:
         C:\Program Files (x86)\Microsoft SDKs\Windows\v7.0A\bin\mt.exe /nologo /verbose /out:"Debug\ShootBlocks.exe.embed.manifest" /manifest Debug\ShootBlocks.exe.intermediate.manifest
         所有输出均为最新。
       LinkEmbedManifest:
         所有输出均为最新。
         ShootBlocks.vcxproj -> C:\Users\iDest\Documents\Visual Studio 2010\Doraemon\ShootBlocks\Debug\ShootBlocks.exe
       FinalizeBuildStatus:
         正在删除文件“Debug\ShootBlocks.unsuccessfulbuild”。
         正在对“Debug\ShootBlocks.lastbuildstate”执行 Touch 任务。
     1>已完成生成项目“C:\Users\iDest\Documents\Visual Studio 2010\Doraemon\ShootBlocks\ShootBlocks\ShootBlocks.vcxproj”(build 个目标)的操作。

生成成功。

已用时间 00:00:00.89
